<?xml version="1.0" encoding="UTF-8"?>
<testng-results skipped="0" failed="0" ignored="0" total="1" passed="1">
  <reporter-output>
  </reporter-output>
  <suite name="Default suite" duration-ms="37" started-at="2019-07-21T10:46:31Z" finished-at="2019-07-21T10:46:31Z">
    <groups>
    </groups>
    <test name="Default test" duration-ms="37" started-at="2019-07-21T10:46:31Z" finished-at="2019-07-21T10:46:31Z">
      <class name="Scenarios.FlipkartSortProducts.Test.test">
        <test-method status="PASS" signature="openchrome()[pri:0, instance:Scenarios.FlipkartSortProducts.Test.test@69b0fd6f]" name="openchrome" duration-ms="11" started-at="2019-07-21T10:46:31Z" finished-at="2019-07-21T10:46:31Z">
          <reporter-output>
          </reporter-output>
        </test-method> <!-- openchrome -->
      </class> <!-- Scenarios.FlipkartSortProducts.Test.test -->
    </test> <!-- Default test -->
  </suite> <!-- Default suite -->
</testng-results>
